{"numTotalTestSuites":20,"numPassedTestSuites":20,"numFailedTestSuites":0,"numPendingTestSuites":0,"numTotalTests":18,"numPassedTests":18,"numFailedTests":0,"numPendingTests":0,"numTodoTests":0,"snapshot":{"added":0,"failure":false,"filesAdded":0,"filesRemoved":0,"filesRemovedList":[],"filesUnmatched":0,"filesUpdated":0,"matched":0,"total":0,"unchecked":0,"uncheckedKeysByFile":[],"unmatched":0,"updated":0,"didUpdate":false},"startTime":1772702444372,"success":true,"testResults":[{"assertionResults":[{"ancestorTitles":["App"],"fullName":"App should have a router outlet","status":"passed","title":"should have a router outlet","duration":20.699999928474426,"failureMessages":[],"meta":{}},{"ancestorTitles":["App"],"fullName":"App should display the menu component","status":"passed","title":"should display the menu component","duration":6,"failureMessages":[],"meta":{}}],"startTime":1772702446594,"endTime":1772702446621,"status":"passed","message":"","name":"C:/Users/pierr/Documents/angular/workspace/ponyracer/src/app/app.spec.ts"},{"assertionResults":[{"ancestorTitles":["FromNowPipe"],"fullName":"FromNowPipe should transform the input","status":"passed","title":"should transform the input","duration":3.1999999284744263,"failureMessages":[],"meta":{}}],"startTime":1772702446548,"endTime":1772702446551.2,"status":"passed","message":"","name":"C:/Users/pierr/Documents/angular/workspace/ponyracer/src/app/from-now-pipe.spec.ts"},{"assertionResults":[{"ancestorTitles":["RaceService"],"fullName":"RaceService should list races","status":"passed","title":"should list races","duration":8.899999976158142,"failureMessages":[],"meta":{}}],"startTime":1772702446558,"endTime":1772702446566.9,"status":"passed","message":"","name":"C:/Users/pierr/Documents/angular/workspace/ponyracer/src/app/race-service.spec.ts"},{"assertionResults":[{"ancestorTitles":["UserService"],"fullName":"UserService should authenticate a user","status":"passed","title":"should authenticate a user","duration":9.600000023841858,"failureMessages":[],"meta":{}}],"startTime":1772702446560,"endTime":1772702446569.6,"status":"passed","message":"","name":"C:/Users/pierr/Documents/angular/workspace/ponyracer/src/app/user-service.spec.ts"},{"assertionResults":[{"ancestorTitles":["Home"],"fullName":"Home should display the title and quote","status":"passed","title":"should display the title and quote","duration":20.600000023841858,"failureMessages":[],"meta":{}},{"ancestorTitles":["Home"],"fullName":"Home should display a link to go to the login page","status":"passed","title":"should display a link to go to the login page","duration":11.199999928474426,"failureMessages":[],"meta":{}}],"startTime":1772702446596,"endTime":1772702446628.2,"status":"passed","message":"","name":"C:/Users/pierr/Documents/angular/workspace/ponyracer/src/app/home/home.spec.ts"},{"assertionResults":[{"ancestorTitles":["Login"],"fullName":"Login should have a title","status":"passed","title":"should have a title","duration":36.699999928474426,"failureMessages":[],"meta":{}},{"ancestorTitles":["Login"],"fullName":"Login should display error messages if fields are touched and invalid","status":"passed","title":"should display error messages if fields are touched and invalid","duration":233.30000007152557,"failureMessages":[],"meta":{}},{"ancestorTitles":["Login"],"fullName":"Login should displays errors on submit if the form is invalid","status":"passed","title":"should displays errors on submit if the form is invalid","duration":101.19999992847443,"failureMessages":[],"meta":{}},{"ancestorTitles":["Login"],"fullName":"Login should call the user service and redirect if success","status":"passed","title":"should call the user service and redirect if success","duration":73.39999997615814,"failureMessages":[],"meta":{}},{"ancestorTitles":["Login"],"fullName":"Login should call the user service and display a message if failed","status":"passed","title":"should call the user service and display a message if failed","duration":65.39999997615814,"failureMessages":[],"meta":{}}],"startTime":1772702446599,"endTime":1772702447109.4,"status":"passed","message":"","name":"C:/Users/pierr/Documents/angular/workspace/ponyracer/src/app/login/login.spec.ts"},{"assertionResults":[{"ancestorTitles":["Menu"],"fullName":"Menu should toggle the class on click","status":"passed","title":"should toggle the class on click","duration":309.5,"failureMessages":[],"meta":{}},{"ancestorTitles":["Menu"],"fullName":"Menu should use routerLink to navigate","status":"passed","title":"should use routerLink to navigate","duration":3.899999976158142,"failureMessages":[],"meta":{}}],"startTime":1772702446594,"endTime":1772702446907.9,"status":"passed","message":"","name":"C:/Users/pierr/Documents/angular/workspace/ponyracer/src/app/menu/menu.spec.ts"},{"assertionResults":[{"ancestorTitles":["Pony"],"fullName":"Pony should display an image and a legend","status":"passed","title":"should display an image and a legend","duration":29.600000023841858,"failureMessages":[],"meta":{}},{"ancestorTitles":["Pony"],"fullName":"Pony should emit an event on click","status":"passed","title":"should emit an event on click","duration":217.39999997615814,"failureMessages":[],"meta":{}}],"startTime":1772702446607,"endTime":1772702446854.4,"status":"passed","message":"","name":"C:/Users/pierr/Documents/angular/workspace/ponyracer/src/app/pony/pony.spec.ts"},{"assertionResults":[{"ancestorTitles":["Race"],"fullName":"Race should display a race name and its ponies","status":"passed","title":"should display a race name and its ponies","duration":32.699999928474426,"failureMessages":[],"meta":{}}],"startTime":1772702446548,"endTime":1772702446580.7,"status":"passed","message":"","name":"C:/Users/pierr/Documents/angular/workspace/ponyracer/src/app/race/race.spec.ts"},{"assertionResults":[{"ancestorTitles":["Races"],"fullName":"Races should display every race","status":"passed","title":"should display every race","duration":23.09999990463257,"failureMessages":[],"meta":{}}],"startTime":1772702446560,"endTime":1772702446583.1,"status":"passed","message":"","name":"C:/Users/pierr/Documents/angular/workspace/ponyracer/src/app/races/races.spec.ts"}],"coverageMap":{"C:\\Users\\pierr\\Documents\\angular\\workspace\\ponyracer\\src\\app\\user-service.ts":{"path":"C:\\Users\\pierr\\Documents\\angular\\workspace\\ponyracer\\src\\app\\user-service.ts","statementMap":{"0":{"start":{"line":9,"column":6},"end":{"line":7,"column":null}},"1":{"start":{"line":10,"column":33},"end":{"line":10,"column":null}},"2":{"start":{"line":12,"column":17},"end":{"line":12,"column":null}},"3":{"start":{"line":9,"column":13},"end":{"line":7,"column":null}},"4":{"start":{"line":15,"column":4},"end":{"line":15,"column":null}},"5":{"start":{"line":9,"column":13},"end":{"line":9,"column":null}},"6":{"start":{"line":9,"column":13},"end":{"line":8,"column":null}}},"fnMap":{"0":{"name":"(anonymous_0)","decl":{"start":{"line":14,"column":2},"end":{"line":14,"column":15}},"loc":{"start":{"line":14,"column":46},"end":{"line":16,"column":null}},"line":14}},"branchMap":{"0":{"loc":{"start":{"line":9,"column":13},"end":{"line":9,"column":24}},"type":"binary-expr","locations":[{"start":{"line":9,"column":13},"end":{"line":9,"column":24}},{"start":{"line":9,"column":13},"end":{"line":9,"column":24}}],"line":9},"1":{"loc":{"start":{"line":9,"column":13},"end":{"line":8,"column":null}},"type":"binary-expr","locations":[{"start":{"line":9,"column":13},"end":{"line":9,"column":24}},{"start":{"line":9,"column":13},"end":{"line":9,"column":24}},{"start":{"line":9,"column":13},"end":{"line":8,"column":null}}],"line":9}},"s":{"0":2,"1":1,"2":1,"3":2,"4":1,"5":1,"6":2},"f":{"0":1},"b":{"0":[1,1],"1":[2,2,2]},"meta":{"lastBranch":2,"lastFunction":1,"lastStatement":7,"seen":{"s:9:6:7:Infinity":0,"s:10:33:10:Infinity":1,"s:12:17:12:Infinity":2,"s:9:13:7:Infinity":3,"f:14:2:14:15":0,"s:15:4:15:Infinity":4,"s:9:13:9:Infinity":5,"b:9:13:9:24:9:13:9:24":0,"s:9:13:8:Infinity":6,"b:9:13:9:24:9:13:9:24:9:13:8:Infinity":1}}},"C:\\Users\\pierr\\Documents\\angular\\workspace\\ponyracer\\src\\app\\race\\race.ts":{"path":"C:\\Users\\pierr\\Documents\\angular\\workspace\\ponyracer\\src\\app\\race\\race.ts","statementMap":{"0":{"start":{"line":12,"column":6},"end":{"line":8,"column":30}},"1":{"start":{"line":13,"column":23},"end":{"line":13,"column":null}},"2":{"start":{"line":12,"column":13},"end":{"line":8,"column":30}},"3":{"start":{"line":12,"column":13},"end":{"line":12,"column":null}},"4":{"start":{"line":12,"column":17},"end":{"line":10,"column":null}},"5":{"start":{"line":12,"column":13},"end":{"line":8,"column":null}}},"fnMap":{"0":{"name":"(anonymous_0)","decl":{"start":{"line":12,"column":17},"end":{"line":12,"column":null}},"loc":{"start":{"line":12,"column":17},"end":{"line":8,"column":18}},"line":12}},"branchMap":{"0":{"loc":{"start":{"line":13,"column":37},"end":{"line":13,"column":null}},"type":"cond-expr","locations":[{"start":{"line":13,"column":37},"end":{"line":13,"column":null}},{"start":{"line":13,"column":37},"end":{"line":13,"column":null}}],"line":13},"1":{"loc":{"start":{"line":12,"column":13},"end":{"line":12,"column":17}},"type":"binary-expr","locations":[{"start":{"line":12,"column":13},"end":{"line":12,"column":17}},{"start":{"line":12,"column":13},"end":{"line":12,"column":17}}],"line":12},"2":{"loc":{"start":{"line":12,"column":17},"end":{"line":10,"column":null}},"type":"if","locations":[{"start":{"line":12,"column":17},"end":{"line":10,"column":null}},{"start":{},"end":{}}],"line":12},"3":{"loc":{"start":{"line":12,"column":13},"end":{"line":8,"column":null}},"type":"binary-expr","locations":[{"start":{"line":12,"column":13},"end":{"line":12,"column":17}},{"start":{"line":12,"column":13},"end":{"line":12,"column":17}},{"start":{"line":12,"column":13},"end":{"line":8,"column":null}}],"line":12},"4":{"loc":{"start":{"line":12,"column":13},"end":{"line":12,"column":null}},"type":"binary-expr","locations":[{"start":{"line":12,"column":13},"end":{"line":12,"column":17}},{"start":{"line":12,"column":13},"end":{"line":12,"column":17}},{"start":{"line":12,"column":13},"end":{"line":12,"column":null}}],"line":12}},"s":{"0":2,"1":3,"2":2,"3":2,"4":9,"5":2},"f":{"0":2},"b":{"0":[3,0],"1":[3,3],"2":[3,6],"3":[2,2,2],"4":[2,2,2]},"meta":{"lastBranch":5,"lastFunction":1,"lastStatement":6,"seen":{"s:12:6:8:30":0,"s:13:23:13:Infinity":1,"s:12:13:8:30":2,"b:13:37:13:Infinity:13:37:13:Infinity":0,"s:12:13:12:Infinity":3,"b:12:13:12:17:12:13:12:17":1,"f:12:17:12:Infinity":0,"b:12:17:10:Infinity:undefined:undefined:undefined:undefined":2,"s:12:17:10:Infinity":4,"s:12:13:8:Infinity":5,"b:12:13:12:17:12:13:12:17:12:13:8:Infinity":3,"b:12:13:12:17:12:13:12:17:12:13:12:Infinity":4}}},"C:\\Users\\pierr\\Documents\\angular\\workspace\\ponyracer\\src\\app\\race\\race.html":{"path":"C:\\Users\\pierr\\Documents\\angular\\workspace\\ponyracer\\src\\app\\race\\race.html","statementMap":{"0":{"start":{"line":8,"column":6},"end":{"line":8,"column":15}},"1":{"start":{"line":8,"column":15},"end":{"line":8,"column":null}},"2":{"start":{"line":1,"column":0},"end":{"line":1,"column":null}},"3":{"start":{"line":2,"column":6},"end":{"line":2,"column":28}},"4":{"start":{"line":2,"column":28},"end":{"line":2,"column":null}},"5":{"start":{"line":4,"column":2},"end":{"line":4,"column":5}},"6":{"start":{"line":4,"column":5},"end":{"line":4,"column":53}},"7":{"start":{"line":4,"column":53},"end":{"line":4,"column":null}},"8":{"start":{"line":6,"column":2},"end":{"line":6,"column":null}},"9":{"start":{"line":7,"column":4},"end":{"line":7,"column":15}},"10":{"start":{"line":10,"column":2},"end":{"line":10,"column":null}},"11":{"start":{"line":7,"column":4},"end":{"line":7,"column":null}}},"fnMap":{},"branchMap":{},"s":{"0":5,"1":10,"2":3,"3":6,"4":3,"5":3,"6":6,"7":3,"8":3,"9":6,"10":3,"11":6},"f":{},"b":{},"meta":{"lastBranch":0,"lastFunction":0,"lastStatement":12,"seen":{"s:8:6:8:15":0,"s:8:15:8:Infinity":1,"s:1:0:1:Infinity":2,"s:2:6:2:28":3,"s:2:28:2:Infinity":4,"s:4:2:4:5":5,"s:4:5:4:53":6,"s:4:53:4:Infinity":7,"s:6:2:6:Infinity":8,"s:7:4:7:15":9,"s:10:2:10:Infinity":10,"s:7:4:7:Infinity":11}}},"C:\\Users\\pierr\\Documents\\angular\\workspace\\ponyracer\\src\\app\\from-now-pipe.ts":{"path":"C:\\Users\\pierr\\Documents\\angular\\workspace\\ponyracer\\src\\app\\from-now-pipe.ts","statementMap":{"0":{"start":{"line":7,"column":6},"end":{"line":7,"column":null}},"1":{"start":{"line":7,"column":13},"end":{"line":7,"column":null}},"2":{"start":{"line":9,"column":17},"end":{"line":9,"column":null}},"3":{"start":{"line":10,"column":4},"end":{"line":10,"column":null}},"4":{"start":{"line":7,"column":13},"end":{"line":6,"column":null}}},"fnMap":{"0":{"name":"(anonymous_0)","decl":{"start":{"line":8,"column":2},"end":{"line":8,"column":12}},"loc":{"start":{"line":8,"column":25},"end":{"line":11,"column":null}},"line":8}},"branchMap":{"0":{"loc":{"start":{"line":7,"column":13},"end":{"line":7,"column":24}},"type":"binary-expr","locations":[{"start":{"line":7,"column":13},"end":{"line":7,"column":24}},{"start":{"line":7,"column":13},"end":{"line":7,"column":24}}],"line":7},"1":{"loc":{"start":{"line":7,"column":13},"end":{"line":6,"column":null}},"type":"binary-expr","locations":[{"start":{"line":7,"column":13},"end":{"line":7,"column":24}},{"start":{"line":7,"column":13},"end":{"line":7,"column":24}},{"start":{"line":7,"column":13},"end":{"line":6,"column":null}}],"line":7}},"s":{"0":3,"1":3,"2":4,"3":4,"4":3},"f":{"0":4},"b":{"0":[3,3],"1":[3,3,3]},"meta":{"lastBranch":2,"lastFunction":1,"lastStatement":5,"seen":{"s:7:6:7:Infinity":0,"s:7:13:7:Infinity":1,"f:8:2:8:12":0,"s:9:17:9:Infinity":2,"s:10:4:10:Infinity":3,"b:7:13:7:24:7:13:7:24":0,"s:7:13:6:Infinity":4,"b:7:13:7:24:7:13:7:24:7:13:6:Infinity":1}}},"C:\\Users\\pierr\\Documents\\angular\\workspace\\ponyracer\\src\\app\\race-service.ts":{"path":"C:\\Users\\pierr\\Documents\\angular\\workspace\\ponyracer\\src\\app\\race-service.ts","statementMap":{"0":{"start":{"line":9,"column":6},"end":{"line":7,"column":null}},"1":{"start":{"line":10,"column":28},"end":{"line":10,"column":null}},"2":{"start":{"line":12,"column":18},"end":{"line":12,"column":null}},"3":{"start":{"line":9,"column":13},"end":{"line":7,"column":null}},"4":{"start":{"line":15,"column":4},"end":{"line":15,"column":null}},"5":{"start":{"line":9,"column":13},"end":{"line":9,"column":null}},"6":{"start":{"line":9,"column":13},"end":{"line":8,"column":null}}},"fnMap":{"0":{"name":"(anonymous_0)","decl":{"start":{"line":14,"column":2},"end":{"line":14,"column":6}},"loc":{"start":{"line":14,"column":6},"end":{"line":16,"column":null}},"line":14}},"branchMap":{"0":{"loc":{"start":{"line":9,"column":13},"end":{"line":9,"column":24}},"type":"binary-expr","locations":[{"start":{"line":9,"column":13},"end":{"line":9,"column":24}},{"start":{"line":9,"column":13},"end":{"line":9,"column":24}}],"line":9},"1":{"loc":{"start":{"line":9,"column":13},"end":{"line":8,"column":null}},"type":"binary-expr","locations":[{"start":{"line":9,"column":13},"end":{"line":9,"column":24}},{"start":{"line":9,"column":13},"end":{"line":9,"column":24}},{"start":{"line":9,"column":13},"end":{"line":8,"column":null}}],"line":9}},"s":{"0":2,"1":1,"2":1,"3":2,"4":1,"5":1,"6":2},"f":{"0":1},"b":{"0":[1,1],"1":[2,2,2]},"meta":{"lastBranch":2,"lastFunction":1,"lastStatement":7,"seen":{"s:9:6:7:Infinity":0,"s:10:28:10:Infinity":1,"s:12:18:12:Infinity":2,"s:9:13:7:Infinity":3,"f:14:2:14:6":0,"s:15:4:15:Infinity":4,"s:9:13:9:Infinity":5,"b:9:13:9:24:9:13:9:24":0,"s:9:13:8:Infinity":6,"b:9:13:9:24:9:13:9:24:9:13:8:Infinity":1}}},"C:\\Users\\pierr\\Documents\\angular\\workspace\\ponyracer\\src\\app\\menu\\menu.ts":{"path":"C:\\Users\\pierr\\Documents\\angular\\workspace\\ponyracer\\src\\app\\menu\\menu.ts","statementMap":{"0":{"start":{"line":10,"column":6},"end":{"line":6,"column":23}},"1":{"start":{"line":11,"column":29},"end":{"line":11,"column":null}},"2":{"start":{"line":10,"column":13},"end":{"line":6,"column":23}},"3":{"start":{"line":14,"column":4},"end":{"line":14,"column":null}},"4":{"start":{"line":14,"column":41},"end":{"line":14,"column":47}},"5":{"start":{"line":10,"column":13},"end":{"line":10,"column":null}},"6":{"start":{"line":10,"column":17},"end":{"line":14,"column":null}},"7":{"start":{"line":10,"column":13},"end":{"line":6,"column":null}}},"fnMap":{"0":{"name":"(anonymous_0)","decl":{"start":{"line":13,"column":2},"end":{"line":13,"column":14}},"loc":{"start":{"line":13,"column":14},"end":{"line":15,"column":null}},"line":13},"1":{"name":"(anonymous_1)","decl":{"start":{"line":14,"column":32},"end":{"line":14,"column":41}},"loc":{"start":{"line":14,"column":41},"end":{"line":14,"column":47}},"line":14},"2":{"name":"(anonymous_2)","decl":{"start":{"line":10,"column":17},"end":{"line":10,"column":null}},"loc":{"start":{"line":10,"column":17},"end":{"line":6,"column":22}},"line":10}},"branchMap":{"0":{"loc":{"start":{"line":11,"column":40},"end":{"line":11,"column":null}},"type":"cond-expr","locations":[{"start":{"line":11,"column":40},"end":{"line":11,"column":null}},{"start":{"line":11,"column":40},"end":{"line":11,"column":null}}],"line":11},"1":{"loc":{"start":{"line":10,"column":13},"end":{"line":10,"column":17}},"type":"binary-expr","locations":[{"start":{"line":10,"column":13},"end":{"line":10,"column":17}},{"start":{"line":10,"column":13},"end":{"line":10,"column":17}}],"line":10},"2":{"loc":{"start":{"line":10,"column":17},"end":{"line":14,"column":null}},"type":"if","locations":[{"start":{"line":10,"column":17},"end":{"line":14,"column":null}},{"start":{},"end":{}}],"line":10},"3":{"loc":{"start":{"line":10,"column":13},"end":{"line":6,"column":null}},"type":"binary-expr","locations":[{"start":{"line":10,"column":13},"end":{"line":10,"column":17}},{"start":{"line":10,"column":13},"end":{"line":10,"column":17}},{"start":{"line":10,"column":13},"end":{"line":6,"column":null}}],"line":10},"4":{"loc":{"start":{"line":10,"column":13},"end":{"line":10,"column":null}},"type":"binary-expr","locations":[{"start":{"line":10,"column":13},"end":{"line":10,"column":17}},{"start":{"line":10,"column":13},"end":{"line":10,"column":17}},{"start":{"line":10,"column":13},"end":{"line":10,"column":null}}],"line":10}},"s":{"0":2,"1":4,"2":2,"3":2,"4":2,"5":2,"6":10,"7":2},"f":{"0":2,"1":2,"2":2},"b":{"0":[4,0],"1":[4,4],"2":[4,6],"3":[2,2,2],"4":[2,2,2]},"meta":{"lastBranch":5,"lastFunction":3,"lastStatement":8,"seen":{"s:10:6:6:23":0,"s:11:29:11:Infinity":1,"s:10:13:6:23":2,"b:11:40:11:Infinity:11:40:11:Infinity":0,"f:13:2:13:14":0,"s:14:4:14:Infinity":3,"f:14:32:14:41":1,"s:14:41:14:47":4,"s:10:13:10:Infinity":5,"b:10:13:10:17:10:13:10:17":1,"f:10:17:10:Infinity":2,"b:10:17:14:Infinity:undefined:undefined:undefined:undefined":2,"s:10:17:14:Infinity":6,"s:10:13:6:Infinity":7,"b:10:13:10:17:10:13:10:17:10:13:6:Infinity":3,"b:10:13:10:17:10:13:10:17:10:13:10:Infinity":4}}},"C:\\Users\\pierr\\Documents\\angular\\workspace\\ponyracer\\src\\app\\menu\\menu.html":{"path":"C:\\Users\\pierr\\Documents\\angular\\workspace\\ponyracer\\src\\app\\menu\\menu.html","statementMap":{"0":{"start":{"line":1,"column":0},"end":{"line":2,"column":null}},"1":{"start":{"line":3,"column":43},"end":{"line":3,"column":52}},"2":{"start":{"line":3,"column":52},"end":{"line":3,"column":null}},"3":{"start":{"line":4,"column":4},"end":{"line":4,"column":49}},"4":{"start":{"line":4,"column":49},"end":{"line":4,"column":null}},"5":{"start":{"line":4,"column":49},"end":{"line":4,"column":72}},"6":{"start":{"line":5,"column":6},"end":{"line":5,"column":null}},"7":{"start":{"line":6,"column":4},"end":{"line":6,"column":null}},"8":{"start":{"line":7,"column":4},"end":{"line":9,"column":null}},"9":{"start":{"line":10,"column":50},"end":{"line":10,"column":55}},"10":{"start":{"line":10,"column":55},"end":{"line":14,"column":null}},"11":{"start":{"line":7,"column":45},"end":{"line":7,"column":82}}},"fnMap":{"0":{"name":"Menu_Template_button_click_4_listener","decl":{"start":{"line":4,"column":49},"end":{"line":4,"column":58}},"loc":{"start":{"line":4,"column":49},"end":{"line":4,"column":null}},"line":4}},"branchMap":{},"s":{"0":4,"1":4,"2":4,"3":4,"4":4,"5":2,"6":4,"7":4,"8":4,"9":4,"10":4,"11":6},"f":{"0":2},"b":{},"meta":{"lastBranch":0,"lastFunction":1,"lastStatement":12,"seen":{"s:1:0:2:Infinity":0,"s:3:43:3:52":1,"s:3:52:3:Infinity":2,"s:4:4:4:49":3,"s:4:49:4:Infinity":4,"f:4:49:4:58":0,"s:4:49:4:72":5,"s:5:6:5:Infinity":6,"s:6:4:6:Infinity":7,"s:7:4:9:Infinity":8,"s:10:50:10:55":9,"s:10:55:14:Infinity":10,"s:7:45:7:82":11}}},"C:\\Users\\pierr\\Documents\\angular\\workspace\\ponyracer\\src\\app\\app.ts":{"path":"C:\\Users\\pierr\\Documents\\angular\\workspace\\ponyracer\\src\\app\\app.ts","statementMap":{"0":{"start":{"line":11,"column":6},"end":{"line":7,"column":31}},"1":{"start":{"line":11,"column":13},"end":{"line":7,"column":31}},"2":{"start":{"line":11,"column":13},"end":{"line":11,"column":null}},"3":{"start":{"line":11,"column":16},"end":{"line":4,"column":null}},"4":{"start":{"line":11,"column":13},"end":{"line":7,"column":null}}},"fnMap":{"0":{"name":"(anonymous_0)","decl":{"start":{"line":11,"column":16},"end":{"line":11,"column":null}},"loc":{"start":{"line":11,"column":16},"end":{"line":7,"column":18}},"line":11}},"branchMap":{"0":{"loc":{"start":{"line":11,"column":13},"end":{"line":11,"column":16}},"type":"binary-expr","locations":[{"start":{"line":11,"column":13},"end":{"line":11,"column":16}},{"start":{"line":11,"column":13},"end":{"line":11,"column":16}}],"line":11},"1":{"loc":{"start":{"line":11,"column":16},"end":{"line":4,"column":null}},"type":"if","locations":[{"start":{"line":11,"column":16},"end":{"line":4,"column":null}},{"start":{},"end":{}}],"line":11},"2":{"loc":{"start":{"line":11,"column":13},"end":{"line":7,"column":null}},"type":"binary-expr","locations":[{"start":{"line":11,"column":13},"end":{"line":11,"column":16}},{"start":{"line":11,"column":13},"end":{"line":11,"column":16}},{"start":{"line":11,"column":13},"end":{"line":7,"column":null}}],"line":11},"3":{"loc":{"start":{"line":11,"column":13},"end":{"line":11,"column":null}},"type":"binary-expr","locations":[{"start":{"line":11,"column":13},"end":{"line":11,"column":16}},{"start":{"line":11,"column":13},"end":{"line":11,"column":16}},{"start":{"line":11,"column":13},"end":{"line":11,"column":null}}],"line":11}},"s":{"0":1,"1":1,"2":1,"3":2,"4":1},"f":{"0":1},"b":{"0":[2,2],"1":[2,0],"2":[1,1,1],"3":[1,1,1]},"meta":{"lastBranch":4,"lastFunction":1,"lastStatement":5,"seen":{"s:11:6:7:31":0,"s:11:13:7:31":1,"s:11:13:11:Infinity":2,"b:11:13:11:16:11:13:11:16":0,"f:11:16:11:Infinity":0,"b:11:16:4:Infinity:undefined:undefined:undefined:undefined":1,"s:11:16:4:Infinity":3,"s:11:13:7:Infinity":4,"b:11:13:11:16:11:13:11:16:11:13:7:Infinity":2,"b:11:13:11:16:11:13:11:16:11:13:11:Infinity":3}}},"C:\\Users\\pierr\\Documents\\angular\\workspace\\ponyracer\\src\\app\\app.html":{"path":"C:\\Users\\pierr\\Documents\\angular\\workspace\\ponyracer\\src\\app\\app.html","statementMap":{"0":{"start":{"line":1,"column":0},"end":{"line":1,"column":null}},"1":{"start":{"line":2,"column":0},"end":{"line":2,"column":null}},"2":{"start":{"line":3,"column":2},"end":{"line":3,"column":null}},"3":{"start":{"line":4,"column":0},"end":{"line":4,"column":null}}},"fnMap":{},"branchMap":{},"s":{"0":2,"1":2,"2":2,"3":2},"f":{},"b":{},"meta":{"lastBranch":0,"lastFunction":0,"lastStatement":4,"seen":{"s:1:0:1:Infinity":0,"s:2:0:2:Infinity":1,"s:3:2:3:Infinity":2,"s:4:0:4:Infinity":3}}},"C:\\Users\\pierr\\Documents\\angular\\workspace\\ponyracer\\src\\app\\pony\\pony.ts":{"path":"C:\\Users\\pierr\\Documents\\angular\\workspace\\ponyracer\\src\\app\\pony\\pony.ts","statementMap":{"0":{"start":{"line":10,"column":6},"end":{"line":4,"column":null}},"1":{"start":{"line":11,"column":23},"end":{"line":11,"column":null}},"2":{"start":{"line":13,"column":26},"end":{"line":13,"column":null}},"3":{"start":{"line":15,"column":26},"end":{"line":15,"column":null}},"4":{"start":{"line":10,"column":13},"end":{"line":4,"column":null}},"5":{"start":{"line":15,"column":41},"end":{"line":15,"column":98}},"6":{"start":{"line":18,"column":4},"end":{"line":18,"column":null}},"7":{"start":{"line":10,"column":13},"end":{"line":10,"column":null}},"8":{"start":{"line":10,"column":17},"end":{"line":5,"column":null}},"9":{"start":{"line":10,"column":13},"end":{"line":6,"column":null}}},"fnMap":{"0":{"name":"(anonymous_0)","decl":{"start":{"line":15,"column":35},"end":{"line":15,"column":41}},"loc":{"start":{"line":15,"column":41},"end":{"line":15,"column":98}},"line":15},"1":{"name":"(anonymous_1)","decl":{"start":{"line":17,"column":2},"end":{"line":17,"column":10}},"loc":{"start":{"line":17,"column":10},"end":{"line":19,"column":null}},"line":17},"2":{"name":"(anonymous_2)","decl":{"start":{"line":10,"column":17},"end":{"line":10,"column":null}},"loc":{"start":{"line":10,"column":17},"end":{"line":4,"column":null}},"line":10}},"branchMap":{"0":{"loc":{"start":{"line":11,"column":37},"end":{"line":11,"column":null}},"type":"cond-expr","locations":[{"start":{"line":11,"column":37},"end":{"line":11,"column":null}},{"start":{"line":11,"column":37},"end":{"line":11,"column":null}}],"line":11},"1":{"loc":{"start":{"line":15,"column":98},"end":{"line":15,"column":null}},"type":"cond-expr","locations":[{"start":{"line":15,"column":98},"end":{"line":15,"column":null}},{"start":{"line":15,"column":98},"end":{"line":15,"column":null}}],"line":15},"2":{"loc":{"start":{"line":10,"column":13},"end":{"line":10,"column":17}},"type":"binary-expr","locations":[{"start":{"line":10,"column":13},"end":{"line":10,"column":17}},{"start":{"line":10,"column":13},"end":{"line":10,"column":17}}],"line":10},"3":{"loc":{"start":{"line":10,"column":17},"end":{"line":5,"column":null}},"type":"if","locations":[{"start":{"line":10,"column":17},"end":{"line":5,"column":null}},{"start":{},"end":{}}],"line":10},"4":{"loc":{"start":{"line":10,"column":13},"end":{"line":6,"column":null}},"type":"binary-expr","locations":[{"start":{"line":10,"column":13},"end":{"line":10,"column":17}},{"start":{"line":10,"column":13},"end":{"line":10,"column":17}},{"start":{"line":10,"column":13},"end":{"line":6,"column":null}}],"line":10},"5":{"loc":{"start":{"line":10,"column":13},"end":{"line":10,"column":null}},"type":"binary-expr","locations":[{"start":{"line":10,"column":13},"end":{"line":10,"column":17}},{"start":{"line":10,"column":13},"end":{"line":10,"column":17}},{"start":{"line":10,"column":13},"end":{"line":10,"column":null}}],"line":10}},"s":{"0":3,"1":7,"2":7,"3":7,"4":3,"5":7,"6":1,"7":3,"8":23,"9":3},"f":{"0":7,"1":1,"2":3},"b":{"0":[7,0],"1":[7,0],"2":[7,7],"3":[7,16],"4":[3,3,3],"5":[3,3,3]},"meta":{"lastBranch":6,"lastFunction":3,"lastStatement":10,"seen":{"s:10:6:4:Infinity":0,"s:11:23:11:Infinity":1,"s:13:26:13:Infinity":2,"s:15:26:15:Infinity":3,"s:10:13:4:Infinity":4,"b:11:37:11:Infinity:11:37:11:Infinity":0,"f:15:35:15:41":0,"s:15:41:15:98":5,"b:15:98:15:Infinity:15:98:15:Infinity":1,"f:17:2:17:10":1,"s:18:4:18:Infinity":6,"s:10:13:10:Infinity":7,"b:10:13:10:17:10:13:10:17":2,"f:10:17:10:Infinity":2,"b:10:17:5:Infinity:undefined:undefined:undefined:undefined":3,"s:10:17:5:Infinity":8,"s:10:13:6:Infinity":9,"b:10:13:10:17:10:13:10:17:10:13:6:Infinity":4,"b:10:13:10:17:10:13:10:17:10:13:10:Infinity":5}}},"C:\\Users\\pierr\\Documents\\angular\\workspace\\ponyracer\\src\\app\\pony\\pony.html":{"path":"C:\\Users\\pierr\\Documents\\angular\\workspace\\ponyracer\\src\\app\\pony\\pony.html","statementMap":{"0":{"start":{"line":1,"column":0},"end":{"line":1,"column":8}},"1":{"start":{"line":1,"column":8},"end":{"line":1,"column":null}},"2":{"start":{"line":1,"column":8},"end":{"line":1,"column":27}},"3":{"start":{"line":2,"column":2},"end":{"line":2,"column":7}},"4":{"start":{"line":3,"column":2},"end":{"line":3,"column":null}},"5":{"start":{"line":4,"column":4},"end":{"line":4,"column":null}},"6":{"start":{"line":5,"column":2},"end":{"line":5,"column":null}},"7":{"start":{"line":2,"column":7},"end":{"line":2,"column":29}},"8":{"start":{"line":2,"column":7},"end":{"line":2,"column":null}}},"fnMap":{"0":{"name":"Pony_Template_figure_click_0_listener","decl":{"start":{"line":1,"column":8},"end":{"line":1,"column":17}},"loc":{"start":{"line":1,"column":8},"end":{"line":1,"column":null}},"line":1}},"branchMap":{},"s":{"0":7,"1":7,"2":1,"3":7,"4":7,"5":16,"6":7,"7":16,"8":16},"f":{"0":1},"b":{},"meta":{"lastBranch":0,"lastFunction":1,"lastStatement":9,"seen":{"s:1:0:1:8":0,"s:1:8:1:Infinity":1,"f:1:8:1:17":0,"s:1:8:1:27":2,"s:2:2:2:7":3,"s:3:2:3:Infinity":4,"s:4:4:4:Infinity":5,"s:5:2:5:Infinity":6,"s:2:7:2:29":7,"s:2:7:2:Infinity":8}}},"C:\\Users\\pierr\\Documents\\angular\\workspace\\ponyracer\\src\\app\\home\\home.ts":{"path":"C:\\Users\\pierr\\Documents\\angular\\workspace\\ponyracer\\src\\app\\home\\home.ts","statementMap":{"0":{"start":{"line":10,"column":6},"end":{"line":6,"column":23}},"1":{"start":{"line":10,"column":13},"end":{"line":6,"column":23}},"2":{"start":{"line":10,"column":13},"end":{"line":10,"column":null}},"3":{"start":{"line":10,"column":17},"end":{"line":6,"column":null}},"4":{"start":{"line":10,"column":13},"end":{"line":6,"column":null}}},"fnMap":{"0":{"name":"(anonymous_0)","decl":{"start":{"line":10,"column":17},"end":{"line":10,"column":null}},"loc":{"start":{"line":10,"column":17},"end":{"line":6,"column":22}},"line":10}},"branchMap":{"0":{"loc":{"start":{"line":10,"column":13},"end":{"line":10,"column":17}},"type":"binary-expr","locations":[{"start":{"line":10,"column":13},"end":{"line":10,"column":17}},{"start":{"line":10,"column":13},"end":{"line":10,"column":17}}],"line":10},"1":{"loc":{"start":{"line":10,"column":17},"end":{"line":6,"column":null}},"type":"if","locations":[{"start":{"line":10,"column":17},"end":{"line":6,"column":null}},{"start":{},"end":{}}],"line":10},"2":{"loc":{"start":{"line":10,"column":13},"end":{"line":6,"column":null}},"type":"binary-expr","locations":[{"start":{"line":10,"column":13},"end":{"line":10,"column":17}},{"start":{"line":10,"column":13},"end":{"line":10,"column":17}},{"start":{"line":10,"column":13},"end":{"line":6,"column":null}}],"line":10},"3":{"loc":{"start":{"line":10,"column":13},"end":{"line":10,"column":null}},"type":"binary-expr","locations":[{"start":{"line":10,"column":13},"end":{"line":10,"column":17}},{"start":{"line":10,"column":13},"end":{"line":10,"column":17}},{"start":{"line":10,"column":13},"end":{"line":10,"column":null}}],"line":10}},"s":{"0":1,"1":1,"2":1,"3":4,"4":1},"f":{"0":1},"b":{"0":[2,2],"1":[2,2],"2":[1,1,1],"3":[1,1,1]},"meta":{"lastBranch":4,"lastFunction":1,"lastStatement":5,"seen":{"s:10:6:6:23":0,"s:10:13:6:23":1,"s:10:13:10:Infinity":2,"b:10:13:10:17:10:13:10:17":0,"f:10:17:10:Infinity":0,"b:10:17:6:Infinity:undefined:undefined:undefined:undefined":1,"s:10:17:6:Infinity":3,"s:10:13:6:Infinity":4,"b:10:13:10:17:10:13:10:17:10:13:6:Infinity":2,"b:10:13:10:17:10:13:10:17:10:13:10:Infinity":3}}},"C:\\Users\\pierr\\Documents\\angular\\workspace\\ponyracer\\src\\app\\home\\home.html":{"path":"C:\\Users\\pierr\\Documents\\angular\\workspace\\ponyracer\\src\\app\\home\\home.html","statementMap":{"0":{"start":{"line":1,"column":0},"end":{"line":1,"column":null}},"1":{"start":{"line":2,"column":6},"end":{"line":2,"column":16}},"2":{"start":{"line":2,"column":16},"end":{"line":2,"column":23}},"3":{"start":{"line":2,"column":23},"end":{"line":2,"column":57}},"4":{"start":{"line":2,"column":57},"end":{"line":2,"column":null}},"5":{"start":{"line":5,"column":0},"end":{"line":5,"column":null}},"6":{"start":{"line":6,"column":49},"end":{"line":6,"column":54}},"7":{"start":{"line":6,"column":54},"end":{"line":6,"column":null}}},"fnMap":{},"branchMap":{},"s":{"0":2,"1":2,"2":2,"3":2,"4":2,"5":2,"6":2,"7":2},"f":{},"b":{},"meta":{"lastBranch":0,"lastFunction":0,"lastStatement":8,"seen":{"s:1:0:1:Infinity":0,"s:2:6:2:16":1,"s:2:16:2:23":2,"s:2:23:2:57":3,"s:2:57:2:Infinity":4,"s:5:0:5:Infinity":5,"s:6:49:6:54":6,"s:6:54:6:Infinity":7}}},"C:\\Users\\pierr\\Documents\\angular\\workspace\\ponyracer\\src\\app\\races\\races.ts":{"path":"C:\\Users\\pierr\\Documents\\angular\\workspace\\ponyracer\\src\\app\\races\\races.ts","statementMap":{"0":{"start":{"line":13,"column":6},"end":{"line":9,"column":17}},"1":{"start":{"line":14,"column":33},"end":{"line":14,"column":null}},"2":{"start":{"line":16,"column":67},"end":{"line":16,"column":null}},"3":{"start":{"line":13,"column":13},"end":{"line":9,"column":17}},"4":{"start":{"line":13,"column":13},"end":{"line":13,"column":null}},"5":{"start":{"line":13,"column":18},"end":{"line":1,"column":7}},"6":{"start":{"line":13,"column":13},"end":{"line":9,"column":null}}},"fnMap":{"0":{"name":"(anonymous_0)","decl":{"start":{"line":13,"column":18},"end":{"line":13,"column":null}},"loc":{"start":{"line":13,"column":18},"end":{"line":9,"column":16}},"line":13}},"branchMap":{"0":{"loc":{"start":{"line":13,"column":13},"end":{"line":13,"column":18}},"type":"binary-expr","locations":[{"start":{"line":13,"column":13},"end":{"line":13,"column":18}},{"start":{"line":13,"column":13},"end":{"line":13,"column":18}}],"line":13},"1":{"loc":{"start":{"line":13,"column":18},"end":{"line":1,"column":7}},"type":"if","locations":[{"start":{"line":13,"column":18},"end":{"line":1,"column":7}},{"start":{},"end":{}}],"line":13},"2":{"loc":{"start":{"line":13,"column":13},"end":{"line":9,"column":null}},"type":"binary-expr","locations":[{"start":{"line":13,"column":13},"end":{"line":13,"column":18}},{"start":{"line":13,"column":13},"end":{"line":13,"column":18}},{"start":{"line":13,"column":13},"end":{"line":9,"column":null}}],"line":13},"3":{"loc":{"start":{"line":13,"column":13},"end":{"line":13,"column":null}},"type":"binary-expr","locations":[{"start":{"line":13,"column":13},"end":{"line":13,"column":18}},{"start":{"line":13,"column":13},"end":{"line":13,"column":18}},{"start":{"line":13,"column":13},"end":{"line":13,"column":null}}],"line":13}},"s":{"0":1,"1":1,"2":1,"3":1,"4":1,"5":3,"6":1},"f":{"0":1},"b":{"0":[1,1],"1":[1,2],"2":[1,1,1],"3":[1,1,1]},"meta":{"lastBranch":4,"lastFunction":1,"lastStatement":7,"seen":{"s:13:6:9:17":0,"s:14:33:14:Infinity":1,"s:16:67:16:Infinity":2,"s:13:13:9:17":3,"s:13:13:13:Infinity":4,"b:13:13:13:18:13:13:13:18":0,"f:13:18:13:Infinity":0,"b:13:18:1:7:undefined:undefined:undefined:undefined":1,"s:13:18:1:7":5,"s:13:13:9:Infinity":6,"b:13:13:13:18:13:13:13:18:13:13:9:Infinity":2,"b:13:13:13:18:13:13:13:18:13:13:13:Infinity":3}}},"C:\\Users\\pierr\\Documents\\angular\\workspace\\ponyracer\\src\\app\\races\\races.html":{"path":"C:\\Users\\pierr\\Documents\\angular\\workspace\\ponyracer\\src\\app\\races\\races.html","statementMap":{"0":{"start":{"line":2,"column":2},"end":{"line":2,"column":11}},"1":{"start":{"line":2,"column":11},"end":{"line":2,"column":null}},"2":{"start":{"line":1,"column":0},"end":{"line":1,"column":7}},"3":{"start":{"line":1,"column":0},"end":{"line":1,"column":null}}},"fnMap":{},"branchMap":{},"s":{"0":2,"1":4,"2":1,"3":2},"f":{},"b":{},"meta":{"lastBranch":0,"lastFunction":0,"lastStatement":4,"seen":{"s:2:2:2:11":0,"s:2:11:2:Infinity":1,"s:1:0:1:7":2,"s:1:0:1:Infinity":3}}},"C:\\Users\\pierr\\Documents\\angular\\workspace\\ponyracer\\src\\app\\login\\login.ts":{"path":"C:\\Users\\pierr\\Documents\\angular\\workspace\\ponyracer\\src\\app\\login\\login.ts","statementMap":{"0":{"start":{"line":12,"column":6},"end":{"line":8,"column":32}},"1":{"start":{"line":13,"column":24},"end":{"line":13,"column":null}},"2":{"start":{"line":14,"column":24},"end":{"line":14,"column":null}},"3":{"start":{"line":15,"column":19},"end":{"line":15,"column":null}},"4":{"start":{"line":17,"column":34},"end":{"line":17,"column":null}},"5":{"start":{"line":19,"column":9},"end":{"line":22,"column":null}},"6":{"start":{"line":12,"column":13},"end":{"line":8,"column":32}},"7":{"start":{"line":25,"column":4},"end":{"line":28,"column":null}},"8":{"start":{"line":26,"column":6},"end":{"line":26,"column":null}},"9":{"start":{"line":27,"column":6},"end":{"line":27,"column":null}},"10":{"start":{"line":30,"column":32},"end":{"line":30,"column":null}},"11":{"start":{"line":32,"column":4},"end":{"line":40,"column":null}},"12":{"start":{"line":34,"column":8},"end":{"line":34,"column":null}},"13":{"start":{"line":35,"column":8},"end":{"line":35,"column":null}},"14":{"start":{"line":38,"column":8},"end":{"line":38,"column":null}},"15":{"start":{"line":12,"column":13},"end":{"line":12,"column":null}},"16":{"start":{"line":12,"column":18},"end":{"line":26,"column":null}},"17":{"start":{"line":12,"column":13},"end":{"line":8,"column":null}}},"fnMap":{"0":{"name":"(anonymous_0)","decl":{"start":{"line":24,"column":2},"end":{"line":24,"column":14}},"loc":{"start":{"line":24,"column":14},"end":{"line":41,"column":null}},"line":24},"1":{"name":"(anonymous_1)","decl":{"start":{"line":33,"column":12},"end":{"line":33,"column":17}},"loc":{"start":{"line":33,"column":17},"end":{"line":36,"column":null}},"line":33},"2":{"name":"(anonymous_2)","decl":{"start":{"line":37,"column":13},"end":{"line":37,"column":18}},"loc":{"start":{"line":37,"column":18},"end":{"line":39,"column":null}},"line":37},"3":{"name":"(anonymous_3)","decl":{"start":{"line":12,"column":18},"end":{"line":12,"column":null}},"loc":{"start":{"line":12,"column":18},"end":{"line":8,"column":31}},"line":12}},"branchMap":{"0":{"loc":{"start":{"line":17,"column":46},"end":{"line":17,"column":null}},"type":"cond-expr","locations":[{"start":{"line":17,"column":46},"end":{"line":17,"column":null}},{"start":{"line":17,"column":46},"end":{"line":17,"column":null}}],"line":17},"1":{"loc":{"start":{"line":25,"column":4},"end":{"line":28,"column":null}},"type":"if","locations":[{"start":{"line":25,"column":4},"end":{"line":28,"column":null}},{"start":{},"end":{}}],"line":25},"2":{"loc":{"start":{"line":12,"column":13},"end":{"line":12,"column":18}},"type":"binary-expr","locations":[{"start":{"line":12,"column":13},"end":{"line":12,"column":18}},{"start":{"line":12,"column":13},"end":{"line":12,"column":18}}],"line":12},"3":{"loc":{"start":{"line":12,"column":18},"end":{"line":26,"column":null}},"type":"if","locations":[{"start":{"line":12,"column":18},"end":{"line":26,"column":null}},{"start":{},"end":{}}],"line":12},"4":{"loc":{"start":{"line":12,"column":13},"end":{"line":8,"column":null}},"type":"binary-expr","locations":[{"start":{"line":12,"column":13},"end":{"line":12,"column":18}},{"start":{"line":12,"column":13},"end":{"line":12,"column":18}},{"start":{"line":12,"column":13},"end":{"line":8,"column":null}}],"line":12},"5":{"loc":{"start":{"line":12,"column":13},"end":{"line":12,"column":null}},"type":"binary-expr","locations":[{"start":{"line":12,"column":13},"end":{"line":12,"column":18}},{"start":{"line":12,"column":13},"end":{"line":12,"column":18}},{"start":{"line":12,"column":13},"end":{"line":12,"column":null}}],"line":12}},"s":{"0":1,"1":5,"2":5,"3":5,"4":5,"5":5,"6":1,"7":3,"8":1,"9":1,"10":2,"11":2,"12":1,"13":1,"14":1,"15":1,"16":43,"17":1},"f":{"0":3,"1":1,"2":1,"3":1},"b":{"0":[5,0],"1":[1,2],"2":[5,5],"3":[5,38],"4":[1,1,1],"5":[1,1,1]},"meta":{"lastBranch":6,"lastFunction":4,"lastStatement":18,"seen":{"s:12:6:8:32":0,"s:13:24:13:Infinity":1,"s:14:24:14:Infinity":2,"s:15:19:15:Infinity":3,"s:17:34:17:Infinity":4,"s:19:9:22:Infinity":5,"s:12:13:8:32":6,"b:17:46:17:Infinity:17:46:17:Infinity":0,"f:24:2:24:14":0,"b:25:4:28:Infinity:undefined:undefined:undefined:undefined":1,"s:25:4:28:Infinity":7,"s:26:6:26:Infinity":8,"s:27:6:27:Infinity":9,"s:30:32:30:Infinity":10,"s:32:4:40:Infinity":11,"f:33:12:33:17":1,"s:34:8:34:Infinity":12,"s:35:8:35:Infinity":13,"f:37:13:37:18":2,"s:38:8:38:Infinity":14,"s:12:13:12:Infinity":15,"b:12:13:12:18:12:13:12:18":2,"f:12:18:12:Infinity":3,"b:12:18:26:Infinity:undefined:undefined:undefined:undefined":3,"s:12:18:26:Infinity":16,"s:12:13:8:Infinity":17,"b:12:13:12:18:12:13:12:18:12:13:8:Infinity":4,"b:12:13:12:18:12:13:12:18:12:13:12:Infinity":5}}},"C:\\Users\\pierr\\Documents\\angular\\workspace\\ponyracer\\src\\app\\login\\login.html":{"path":"C:\\Users\\pierr\\Documents\\angular\\workspace\\ponyracer\\src\\app\\login\\login.html","statementMap":{"0":{"start":{"line":9,"column":10},"end":{"line":9,"column":40}},"1":{"start":{"line":9,"column":40},"end":{"line":9,"column":57}},"2":{"start":{"line":9,"column":57},"end":{"line":9,"column":null}},"3":{"start":{"line":17,"column":10},"end":{"line":17,"column":40}},"4":{"start":{"line":17,"column":40},"end":{"line":17,"column":60}},"5":{"start":{"line":17,"column":60},"end":{"line":17,"column":null}},"6":{"start":{"line":22,"column":8},"end":{"line":22,"column":53}},"7":{"start":{"line":22,"column":53},"end":{"line":22,"column":69}},"8":{"start":{"line":22,"column":69},"end":{"line":22,"column":null}},"9":{"start":{"line":1,"column":0},"end":{"line":2,"column":null}},"10":{"start":{"line":3,"column":8},"end":{"line":3,"column":14}},"11":{"start":{"line":3,"column":14},"end":{"line":3,"column":null}},"12":{"start":{"line":4,"column":4},"end":{"line":4,"column":10}},"13":{"start":{"line":4,"column":10},"end":{"line":4,"column":38}},"14":{"start":{"line":4,"column":10},"end":{"line":4,"column":36}},"15":{"start":{"line":5,"column":6},"end":{"line":5,"column":null}},"16":{"start":{"line":6,"column":46},"end":{"line":6,"column":51}},"17":{"start":{"line":6,"column":51},"end":{"line":6,"column":null}},"18":{"start":{"line":7,"column":8},"end":{"line":7,"column":null}},"19":{"start":{"line":8,"column":8},"end":{"line":8,"column":null}},"20":{"start":{"line":11,"column":6},"end":{"line":11,"column":null}},"21":{"start":{"line":13,"column":6},"end":{"line":13,"column":null}},"22":{"start":{"line":14,"column":49},"end":{"line":14,"column":57}},"23":{"start":{"line":14,"column":57},"end":{"line":14,"column":null}},"24":{"start":{"line":15,"column":8},"end":{"line":15,"column":null}},"25":{"start":{"line":16,"column":8},"end":{"line":16,"column":null}},"26":{"start":{"line":19,"column":6},"end":{"line":19,"column":null}},"27":{"start":{"line":21,"column":6},"end":{"line":21,"column":null}},"28":{"start":{"line":24,"column":6},"end":{"line":24,"column":38}},"29":{"start":{"line":24,"column":38},"end":{"line":24,"column":48}},"30":{"start":{"line":24,"column":48},"end":{"line":26,"column":null}},"31":{"start":{"line":4,"column":38},"end":{"line":4,"column":null}}},"fnMap":{"0":{"name":"Login_Template_form_ngSubmit_4_listener","decl":{"start":{"line":4,"column":10},"end":{"line":4,"column":22}},"loc":{"start":{"line":4,"column":10},"end":{"line":4,"column":38}},"line":4}},"branchMap":{"0":{"loc":{"start":{"line":8,"column":8},"end":{"line":8,"column":null}},"type":"cond-expr","locations":[{"start":{"line":8,"column":8},"end":{"line":8,"column":null}},{"start":{"line":8,"column":8},"end":{"line":8,"column":null}}],"line":8},"1":{"loc":{"start":{"line":16,"column":8},"end":{"line":16,"column":null}},"type":"cond-expr","locations":[{"start":{"line":16,"column":8},"end":{"line":16,"column":null}},{"start":{"line":16,"column":8},"end":{"line":16,"column":null}}],"line":16},"2":{"loc":{"start":{"line":21,"column":6},"end":{"line":21,"column":null}},"type":"cond-expr","locations":[{"start":{"line":21,"column":6},"end":{"line":21,"column":null}},{"start":{"line":21,"column":6},"end":{"line":21,"column":null}}],"line":21}},"s":{"0":2,"1":2,"2":2,"3":2,"4":2,"5":2,"6":1,"7":1,"8":1,"9":5,"10":5,"11":5,"12":5,"13":5,"14":3,"15":5,"16":5,"17":5,"18":5,"19":38,"20":5,"21":5,"22":5,"23":5,"24":5,"25":38,"26":5,"27":38,"28":5,"29":5,"30":5,"31":38},"f":{"0":3},"b":{"0":[44,56],"1":[46,44],"2":[2,36]},"meta":{"lastBranch":3,"lastFunction":1,"lastStatement":32,"seen":{"s:9:10:9:40":0,"s:9:40:9:57":1,"s:9:57:9:Infinity":2,"s:17:10:17:40":3,"s:17:40:17:60":4,"s:17:60:17:Infinity":5,"s:22:8:22:53":6,"s:22:53:22:69":7,"s:22:69:22:Infinity":8,"s:1:0:2:Infinity":9,"s:3:8:3:14":10,"s:3:14:3:Infinity":11,"s:4:4:4:10":12,"s:4:10:4:38":13,"f:4:10:4:22":0,"s:4:10:4:36":14,"s:5:6:5:Infinity":15,"s:6:46:6:51":16,"s:6:51:6:Infinity":17,"s:7:8:7:Infinity":18,"s:8:8:8:Infinity":19,"s:11:6:11:Infinity":20,"s:13:6:13:Infinity":21,"s:14:49:14:57":22,"s:14:57:14:Infinity":23,"s:15:8:15:Infinity":24,"s:16:8:16:Infinity":25,"s:19:6:19:Infinity":26,"s:21:6:21:Infinity":27,"s:24:6:24:38":28,"s:24:38:24:48":29,"s:24:48:26:Infinity":30,"s:4:38:4:Infinity":31,"b:8:8:8:Infinity:8:8:8:Infinity":0,"b:16:8:16:Infinity:16:8:16:Infinity":1,"b:21:6:21:Infinity:21:6:21:Infinity":2}}}}}